0000:                       .ORG 0000H                              ;/*reset ad
0000: 02 00 40              LJMP INIT                       ;/*long jump to mai
                                                    
000B:                       .ORG 000BH                      ;/*interrupt vector
                   
000B: 90 00 02              ISR:    MOV DPTR, #02H                  ;/* the add
000E: C2 8C                         CLR TR0                         ;/*stop tim
0010: C2 8D                         CLR TF0                         ;/*clear ti
0012: 75 89 01                      MOV TMOD,#01H           ;/*timer 1 mode 1, 
0015: 75 8C B7                      MOV TH0,#0xB7           ;/*high reset value
0018: 75 8A FE                      MOV TL0,#0xFE           ;/*low reset value 
001B: D2 8C                         SETB TR0                ;/*start timer*/
                                    
001D: B8 FF 02                      CJNE R0,#0FFH,AGAIN     ;/* compare and jum
0020: 78 80                         MOV R0,#80H             ;/*reload the value
0022: 08                    AGAIN:  INC R0                          ;/* increme
                                            
0023: BA 14 04                      CJNE R2,#20, HERE       ;/*compare and jump
0026: B2 95                         CPL P1.5                ;/* toggle port p1.
0028: 7A 00                         MOV R2,#00              ;/*initialise r2 co
002A: 0A                    HERE:   INC R2                  ;/*increment r2 if 
                                    
002B: E8                            MOV A,R0                ;/* move value of t
002C: F0                            MOVX @DPTR,A            ;/* move value of a
002D: 32                            RETI                    ;/*return to the ma
                            
0040:                       .ORG 0040H
0040: 79 00                 INIT:   MOV R1,#00H             ;/*initial value of
0042: 78 7F                         MOV R0,#7FH             ;/*initial value of
                   
0044: 75 89 01              MAIN:   MOV TMOD,#01H           ;/*timer 1 mode 1, 
0047: 75 A8 82                      MOV IE,#82H             ;/*setting EA=1 and
004A: E9                            MOV A,R1                ;/* move value of t
004B: F0                            MOVX @DPTR,A            ;/* move value of a
004C: C2 8D                         CLR TF0                         ;/* clear t
004E: 90 00 02                      MOV DPTR, #02H          ;/* the address 02h
0051: 75 8C B7                      MOV TH0,#0xB7           ;/*high reset value
0054: 75 8A FE                      MOV TL0,#0xFE           ;/*low reset value 
0057: 7A 00                         MOV R2,#00              ;/*initialise r2 to
                   
0059: D2 8C                 WAIT:   SETB TR0                ;/*starting timer*/
005B: B9 7F 02                      CJNE R1, #7FH, DO       ;/* compare and jum
005E: 79 00                         MOV R1, #00H            ;/*reload the value
0060: 09                    DO:     INC R1                  ;/* increment r1*/
0061: E9                            MOV A, R1               ;/* move value of t
0062: F0                            MOVX @DPTR,A            ;/* move value of a
0063: 80 F4                         SJMP WAIT               ;/*loop to generate
                                    
                            
                   
